File:   U:\Lossless Audio Checker 2.0.4\01 - Hero's Takt - Origin.wav
Result: Clean
File:   U:\Lossless Audio Checker 2.0.4\02 - Hymne of Despair and Atonement.wav
Result: Clean
File:   U:\Lossless Audio Checker 2.0.4\03 - Dragon Kingdom Lugunica.wav
Result: Upsampled
File:   U:\Lossless Audio Checker 2.0.4\04 - Confrontation of the King's Selection.wav
Result: Upsampled
File:   U:\Lossless Audio Checker 2.0.4\05 - Chamber of the Throne.wav
Result: Upsampled
File:   U:\Lossless Audio Checker 2.0.4\06 - Activation of Fate.wav
Result: Clean
File:   U:\Lossless Audio Checker 2.0.4\07 - Determination's Heartbeat.wav
Result: Clean
File:   U:\Lossless Audio Checker 2.0.4\08 - The Sound of Fog.wav
Result: Upsampled
File:   U:\Lossless Audio Checker 2.0.4\09 - Chaotic Noise.wav
Result: Upsampled
File:   U:\Lossless Audio Checker 2.0.4\10 - Thought and Consideration.wav
Result: Upsampled
File:   U:\Lossless Audio Checker 2.0.4\11 - Past and Future's Ramification.wav
Result: Upsampled
File:   U:\Lossless Audio Checker 2.0.4\12 - Quiet Richt.wav
Result: Upsampled
File:   U:\Lossless Audio Checker 2.0.4\13 - Sloth.wav
Result: Upsampled
File:   U:\Lossless Audio Checker 2.0.4\14 - Requiem of Silence.wav
Result: Upsampled
File:   U:\Lossless Audio Checker 2.0.4\15 - Prelude to the Final Battle.wav
Result: Clean
File:   U:\Lossless Audio Checker 2.0.4\16 - Mahat's Eclipse.wav
Result: Clean
File:   U:\Lossless Audio Checker 2.0.4\17 - Victory March.wav
Result: Clean
File:   U:\Lossless Audio Checker 2.0.4\18 - Shuterubensharu.wav
Result: Clean
File:   U:\Lossless Audio Checker 2.0.4\19 - Subaru and Emilia.wav
Result: Upsampled
