Lossless Audio Checker 2.0.4 logfile from Sun, 16 Oct 2016 16:50:37 GMT

File:   A:\xedit\ReZero OST [Anime]\2016 - ReZero - Bonus CD1\01 - Rondo of Love and Darkness -Main Theme-.wav
Result: Clean

File:   A:\xedit\ReZero OST [Anime]\2016 - ReZero - Bonus CD1\02 - Death Ballet.wav
Result: Clean

File:   A:\xedit\ReZero OST [Anime]\2016 - ReZero - Bonus CD1\03 - Call of the Witch.wav
Result: Clean

File:   A:\xedit\ReZero OST [Anime]\2016 - ReZero - Bonus CD1\04 - Timbre of the Beginning.wav
Result: Upsampled

File:   A:\xedit\ReZero OST [Anime]\2016 - ReZero - Bonus CD1\05 - Fur Craftsman.wav
Result: Clean

File:   A:\xedit\ReZero OST [Anime]\2016 - ReZero - Bonus CD1\06 - Fool.wav
Result: Upsampled

File:   A:\xedit\ReZero OST [Anime]\2016 - ReZero - Bonus CD1\07 - Appa.wav
Result: Clean

File:   A:\xedit\ReZero OST [Anime]\2016 - ReZero - Bonus CD1\08 - EMT!!.wav
Result: Clean

File:   A:\xedit\ReZero OST [Anime]\2016 - ReZero - Bonus CD1\09 - Fantasy Clap.wav
Result: Clean

File:   A:\xedit\ReZero OST [Anime]\2016 - ReZero - Bonus CD1\10 - Subaru Concerto.wav
Result: Clean

File:   A:\xedit\ReZero OST [Anime]\2016 - ReZero - Bonus CD1\11 - Longing for Sunbeams.wav
Result: Upsampled

File:   A:\xedit\ReZero OST [Anime]\2016 - ReZero - Bonus CD1\12 - Battle Dance.wav
Result: Clean

File:   A:\xedit\ReZero OST [Anime]\2016 - ReZero - Bonus CD1\13 - Night Plot.wav
Result: Clean

File:   A:\xedit\ReZero OST [Anime]\2016 - ReZero - Bonus CD1\14 - Threads of Entwined Truth.wav
Result: Clean

File:   A:\xedit\ReZero OST [Anime]\2016 - ReZero - Bonus CD1\15 - Gray Trane.wav
Result: Upsampled

File:   A:\xedit\ReZero OST [Anime]\2016 - ReZero - Bonus CD1\16 - Looking for the Light.wav
Result: Upsampled

File:   A:\xedit\ReZero OST [Anime]\2016 - ReZero - Bonus CD1\17 - Train of Thought.wav
Result: Clean

File:   A:\xedit\ReZero OST [Anime]\2016 - ReZero - Bonus CD1\18 - Time of Trepidation.wav
Result: Clean

File:   A:\xedit\ReZero OST [Anime]\2016 - ReZero - Bonus CD1\19 - Taboo Investigation.wav
Result: Upsampled

File:   A:\xedit\ReZero OST [Anime]\2016 - ReZero - Bonus CD1\20 - Revelation of Death.wav
Result: Clean

File:   A:\xedit\ReZero OST [Anime]\2016 - ReZero - Bonus CD1\21 - Krise.wav
Result: Clean

File:   A:\xedit\ReZero OST [Anime]\2016 - ReZero - Bonus CD1\22 - Prelude to an Impulse.wav
Result: Clean

File:   A:\xedit\ReZero OST [Anime]\2016 - ReZero - Bonus CD1\23 - Hexentanz.wav
Result: Clean

File:   A:\xedit\ReZero OST [Anime]\2016 - ReZero - Bonus CD1\24 - Takt of Heroes.wav
Result: Clean

File:   A:\xedit\ReZero OST [Anime]\2016 - ReZero - Bonus CD1\25 - Touching You.wav
Result: Upsampled

Checked: 25 | Clean: 18 | Transcoded: 0 | Upscaled: 0 | Upsampled: 7 | Error: 0
